<?xml version="1.0" encoding="UTF-8"?>
<coverage generated="1774518819742" clover="3.2.0">
  <project timestamp="1774518819742" name="All files">
    <metrics statements="33" coveredstatements="33" conditionals="5" coveredconditionals="5" methods="8" coveredmethods="8" elements="46" coveredelements="46" complexity="0" loc="33" ncloc="33" packages="1" files="1" classes="1"/>
    <file name="index.ts" path="E:\1_ZHTDU\nodejs\lab1\src\index.ts">
      <metrics statements="33" coveredstatements="33" conditionals="5" coveredconditionals="5" methods="8" coveredmethods="8"/>
      <line num="2" count="1" type="stmt"/>
      <line num="3" count="10" type="stmt"/>
      <line num="13" count="1" type="stmt"/>
      <line num="14" count="3" type="cond" truecount="2" falsecount="0"/>
      <line num="16" count="2" type="stmt"/>
      <line num="17" count="3" type="stmt"/>
      <line num="18" count="3" type="stmt"/>
      <line num="19" count="3" type="stmt"/>
      <line num="22" count="2" type="stmt"/>
      <line num="26" count="1" type="stmt"/>
      <line num="30" count="4" type="stmt"/>
      <line num="31" count="4" type="stmt"/>
      <line num="32" count="6" type="stmt"/>
      <line num="33" count="6" type="stmt"/>
      <line num="34" count="6" type="stmt"/>
      <line num="35" count="6" type="stmt"/>
      <line num="37" count="4" type="cond" truecount="2" falsecount="0"/>
      <line num="38" count="3" type="stmt"/>
      <line num="41" count="1" type="stmt"/>
      <line num="45" count="1" type="stmt"/>
      <line num="50" count="3" type="stmt"/>
      <line num="51" count="3" type="stmt"/>
      <line num="53" count="3" type="stmt"/>
      <line num="54" count="5" type="stmt"/>
      <line num="55" count="5" type="stmt"/>
      <line num="57" count="5" type="stmt"/>
      <line num="58" count="5" type="stmt"/>
      <line num="59" count="5" type="stmt"/>
      <line num="61" count="3" type="stmt"/>
      <line num="64" count="1" type="stmt"/>
      <line num="68" count="2" type="stmt"/>
      <line num="69" count="1" type="stmt"/>
      <line num="72" count="2" type="stmt"/>
    </file>
  </project>
</coverage>
