{"E:\\1_ZHTDU\\nodejs\\lab1\\src\\app.ts": {"path":"E:\\1_ZHTDU\\nodejs\\lab1\\src\\app.ts","statementMap":{"0":{"start":{"line":1,"column":0},"end":{"line":1,"column":30}},"1":{"start":{"line":2,"column":0},"end":{"line":2,"column":24}},"2":{"start":{"line":3,"column":0},"end":{"line":3,"column":49}},"3":{"start":{"line":5,"column":12},"end":{"line":5,"column":21}},"4":{"start":{"line":7,"column":0},"end":{"line":7,"column":16}},"5":{"start":{"line":8,"column":0},"end":{"line":8,"column":24}},"6":{"start":{"line":11,"column":0},"end":{"line":11,"column":34}},"7":{"start":{"line":14,"column":0},"end":{"line":17,"column":3}},"8":{"start":{"line":15,"column":4},"end":{"line":15,"column":29}},"9":{"start":{"line":16,"column":4},"end":{"line":16,"column":70}},"10":{"start":{"line":19,"column":0},"end":{"line":19,"column":19}}},"fnMap":{"0":{"name":"(anonymous_1)","decl":{"start":{"line":14,"column":8},"end":{"line":14,"column":9}},"loc":{"start":{"line":14,"column":94},"end":{"line":17,"column":1}}}},"branchMap":{},"s":{"0":1,"1":1,"2":1,"3":1,"4":1,"5":1,"6":1,"7":1,"8":2,"9":2,"10":1},"f":{"0":2},"b":{}}
,"E:\\1_ZHTDU\\nodejs\\lab1\\src\\index.ts": {"path":"E:\\1_ZHTDU\\nodejs\\lab1\\src\\index.ts","statementMap":{"0":{"start":{"line":2,"column":0},"end":{"line":2,"column":16}},"1":{"start":{"line":13,"column":0},"end":{"line":13,"column":7}},"2":{"start":{"line":26,"column":0},"end":{"line":26,"column":7}},"3":{"start":{"line":45,"column":0},"end":{"line":45,"column":7}},"4":{"start":{"line":64,"column":0},"end":{"line":64,"column":7}},"5":{"start":{"line":3,"column":4},"end":{"line":3,"column":59}},"6":{"start":{"line":3,"column":34},"end":{"line":3,"column":57}},"7":{"start":{"line":14,"column":4},"end":{"line":14,"column":40}},"8":{"start":{"line":14,"column":30},"end":{"line":14,"column":40}},"9":{"start":{"line":16,"column":21},"end":{"line":20,"column":6}},"10":{"start":{"line":17,"column":28},"end":{"line":17,"column":64}},"11":{"start":{"line":18,"column":8},"end":{"line":18,"column":33}},"12":{"start":{"line":19,"column":8},"end":{"line":19,"column":74}},"13":{"start":{"line":22,"column":4},"end":{"line":22,"column":33}},"14":{"start":{"line":30,"column":19},"end":{"line":30,"column":20}},"15":{"start":{"line":31,"column":4},"end":{"line":40,"column":5}},"16":{"start":{"line":32,"column":8},"end":{"line":32,"column":19}},"17":{"start":{"line":33,"column":8},"end":{"line":33,"column":45}},"18":{"start":{"line":34,"column":8},"end":{"line":39,"column":9}},"19":{"start":{"line":35,"column":12},"end":{"line":35,"column":37}},"20":{"start":{"line":37,"column":12},"end":{"line":37,"column":53}},"21":{"start":{"line":37,"column":41},"end":{"line":37,"column":53}},"22":{"start":{"line":38,"column":12},"end":{"line":38,"column":29}},"23":{"start":{"line":41,"column":4},"end":{"line":41,"column":43}},"24":{"start":{"line":50,"column":25},"end":{"line":50,"column":27}},"25":{"start":{"line":51,"column":25},"end":{"line":51,"column":60}},"26":{"start":{"line":53,"column":4},"end":{"line":60,"column":5}},"27":{"start":{"line":53,"column":17},"end":{"line":53,"column":18}},"28":{"start":{"line":54,"column":22},"end":{"line":54,"column":51}},"29":{"start":{"line":55,"column":32},"end":{"line":55,"column":61}},"30":{"start":{"line":57,"column":8},"end":{"line":57,"column":76}},"31":{"start":{"line":58,"column":28},"end":{"line":58,"column":50}},"32":{"start":{"line":59,"column":8},"end":{"line":59,"column":37}},"33":{"start":{"line":61,"column":4},"end":{"line":61,"column":19}},"34":{"start":{"line":68,"column":27},"end":{"line":70,"column":6}},"35":{"start":{"line":69,"column":8},"end":{"line":69,"column":68}},"36":{"start":{"line":72,"column":4},"end":{"line":72,"column":65}}},"fnMap":{"0":{"name":"delay","decl":{"start":{"line":2,"column":16},"end":{"line":2,"column":21}},"loc":{"start":{"line":2,"column":32},"end":{"line":4,"column":1}}},"1":{"name":"(anonymous_1)","decl":{"start":{"line":3,"column":23},"end":{"line":3,"column":30}},"loc":{"start":{"line":3,"column":34},"end":{"line":3,"column":57}}},"2":{"name":"fetchUserProfiles","decl":{"start":{"line":13,"column":22},"end":{"line":13,"column":39}},"loc":{"start":{"line":13,"column":57},"end":{"line":23,"column":1}}},"3":{"name":"(anonymous_3)","decl":{"start":{"line":16,"column":33},"end":{"line":16,"column":38}},"loc":{"start":{"line":16,"column":46},"end":{"line":20,"column":5}}},"4":{"name":"retryOperation","decl":{"start":{"line":26,"column":22},"end":{"line":26,"column":36}},"loc":{"start":{"line":28,"column":26},"end":{"line":42,"column":1}}},"5":{"name":"processInBatches","decl":{"start":{"line":45,"column":22},"end":{"line":45,"column":38}},"loc":{"start":{"line":48,"column":43},"end":{"line":62,"column":1}}},"6":{"name":"raceWithTimeout","decl":{"start":{"line":64,"column":22},"end":{"line":64,"column":37}},"loc":{"start":{"line":66,"column":21},"end":{"line":73,"column":1}}},"7":{"name":"(anonymous_7)","decl":{"start":{"line":68,"column":49},"end":{"line":68,"column":52}},"loc":{"start":{"line":68,"column":54},"end":{"line":70,"column":5}}}},"branchMap":{"0":{"loc":{"start":{"line":14,"column":4},"end":{"line":14,"column":40}},"type":"if","locations":[{"start":{"line":14,"column":4},"end":{"line":14,"column":40}},{"start":{},"end":{}}]},"1":{"loc":{"start":{"line":28,"column":4},"end":{"line":28,"column":26}},"type":"default-arg","locations":[{"start":{"line":28,"column":25},"end":{"line":28,"column":26}}]},"2":{"loc":{"start":{"line":37,"column":12},"end":{"line":37,"column":53}},"type":"if","locations":[{"start":{"line":37,"column":12},"end":{"line":37,"column":53}},{"start":{},"end":{}}]}},"s":{"0":1,"1":1,"2":1,"3":1,"4":1,"5":10,"6":10,"7":3,"8":1,"9":2,"10":3,"11":3,"12":3,"13":2,"14":4,"15":4,"16":6,"17":6,"18":6,"19":6,"20":4,"21":1,"22":3,"23":1,"24":3,"25":3,"26":3,"27":3,"28":5,"29":5,"30":5,"31":5,"32":5,"33":3,"34":2,"35":1,"36":2},"f":{"0":10,"1":10,"2":3,"3":3,"4":4,"5":3,"6":2,"7":1},"b":{"0":[1,2],"1":[2],"2":[1,3]}}
,"E:\\1_ZHTDU\\nodejs\\lab1\\src\\middleware\\validate.ts": {"path":"E:\\1_ZHTDU\\nodejs\\lab1\\src\\middleware\\validate.ts","statementMap":{"0":{"start":{"line":2,"column":0},"end":{"line":2,"column":34}},"1":{"start":{"line":4,"column":24},"end":{"line":23,"column":5}},"2":{"start":{"line":5,"column":4},"end":{"line":23,"column":5}},"3":{"start":{"line":6,"column":8},"end":{"line":22,"column":9}},"4":{"start":{"line":8,"column":12},"end":{"line":8,"column":46}},"5":{"start":{"line":9,"column":12},"end":{"line":9,"column":19}},"6":{"start":{"line":11,"column":12},"end":{"line":20,"column":13}},"7":{"start":{"line":13,"column":16},"end":{"line":19,"column":19}},"8":{"start":{"line":15,"column":55},"end":{"line":18,"column":22}},"9":{"start":{"line":21,"column":12},"end":{"line":21,"column":24}},"10":{"start":{"line":4,"column":13},"end":{"line":4,"column":24}}},"fnMap":{"0":{"name":"(anonymous_0)","decl":{"start":{"line":4,"column":24},"end":{"line":4,"column":25}},"loc":{"start":{"line":5,"column":4},"end":{"line":23,"column":5}}},"1":{"name":"(anonymous_1)","decl":{"start":{"line":5,"column":4},"end":{"line":5,"column":9}},"loc":{"start":{"line":5,"column":62},"end":{"line":23,"column":5}}},"2":{"name":"(anonymous_2)","decl":{"start":{"line":15,"column":45},"end":{"line":15,"column":50}},"loc":{"start":{"line":15,"column":55},"end":{"line":18,"column":22}}}},"branchMap":{"0":{"loc":{"start":{"line":11,"column":12},"end":{"line":20,"column":13}},"type":"if","locations":[{"start":{"line":11,"column":12},"end":{"line":20,"column":13}},{"start":{},"end":{}}]}},"s":{"0":1,"1":1,"2":2,"3":5,"4":5,"5":3,"6":2,"7":1,"8":3,"9":1,"10":1},"f":{"0":2,"1":5,"2":3},"b":{"0":[1,1]}}
,"E:\\1_ZHTDU\\nodejs\\lab1\\src\\routes\\tank.routes.ts": {"path":"E:\\1_ZHTDU\\nodejs\\lab1\\src\\routes\\tank.routes.ts","statementMap":{"0":{"start":{"line":1,"column":0},"end":{"line":1,"column":33}},"1":{"start":{"line":2,"column":0},"end":{"line":2,"column":57}},"2":{"start":{"line":3,"column":0},"end":{"line":3,"column":79}},"3":{"start":{"line":4,"column":0},"end":{"line":4,"column":53}},"4":{"start":{"line":6,"column":15},"end":{"line":6,"column":23}},"5":{"start":{"line":8,"column":0},"end":{"line":11,"column":3}},"6":{"start":{"line":9,"column":22},"end":{"line":9,"column":54}},"7":{"start":{"line":10,"column":4},"end":{"line":10,"column":24}},"8":{"start":{"line":13,"column":0},"end":{"line":21,"column":3}},"9":{"start":{"line":14,"column":29},"end":{"line":14,"column":38}},"10":{"start":{"line":15,"column":20},"end":{"line":18,"column":6}},"11":{"start":{"line":19,"column":18},"end":{"line":19,"column":45}},"12":{"start":{"line":20,"column":4},"end":{"line":20,"column":20}},"13":{"start":{"line":24,"column":0},"end":{"line":28,"column":3}},"14":{"start":{"line":25,"column":17},"end":{"line":25,"column":51}},"15":{"start":{"line":26,"column":4},"end":{"line":26,"column":76}},"16":{"start":{"line":26,"column":15},"end":{"line":26,"column":76}},"17":{"start":{"line":27,"column":4},"end":{"line":27,"column":19}},"18":{"start":{"line":31,"column":0},"end":{"line":34,"column":3}},"19":{"start":{"line":32,"column":20},"end":{"line":32,"column":48}},"20":{"start":{"line":33,"column":4},"end":{"line":33,"column":34}},"21":{"start":{"line":37,"column":0},"end":{"line":41,"column":3}},"22":{"start":{"line":38,"column":20},"end":{"line":38,"column":63}},"23":{"start":{"line":39,"column":4},"end":{"line":39,"column":79}},"24":{"start":{"line":39,"column":18},"end":{"line":39,"column":79}},"25":{"start":{"line":40,"column":4},"end":{"line":40,"column":22}},"26":{"start":{"line":44,"column":0},"end":{"line":48,"column":3}},"27":{"start":{"line":45,"column":20},"end":{"line":45,"column":53}},"28":{"start":{"line":46,"column":4},"end":{"line":46,"column":79}},"29":{"start":{"line":46,"column":18},"end":{"line":46,"column":79}},"30":{"start":{"line":47,"column":4},"end":{"line":47,"column":27}},"31":{"start":{"line":50,"column":0},"end":{"line":50,"column":22}}},"fnMap":{"0":{"name":"(anonymous_0)","decl":{"start":{"line":8,"column":20},"end":{"line":8,"column":21}},"loc":{"start":{"line":8,"column":33},"end":{"line":11,"column":1}}},"1":{"name":"(anonymous_1)","decl":{"start":{"line":13,"column":16},"end":{"line":13,"column":17}},"loc":{"start":{"line":13,"column":29},"end":{"line":21,"column":1}}},"2":{"name":"(anonymous_2)","decl":{"start":{"line":24,"column":19},"end":{"line":24,"column":20}},"loc":{"start":{"line":24,"column":32},"end":{"line":28,"column":1}}},"3":{"name":"(anonymous_3)","decl":{"start":{"line":31,"column":45},"end":{"line":31,"column":46}},"loc":{"start":{"line":31,"column":58},"end":{"line":34,"column":1}}},"4":{"name":"(anonymous_4)","decl":{"start":{"line":37,"column":49},"end":{"line":37,"column":50}},"loc":{"start":{"line":37,"column":62},"end":{"line":41,"column":1}}},"5":{"name":"(anonymous_5)","decl":{"start":{"line":44,"column":22},"end":{"line":44,"column":23}},"loc":{"start":{"line":44,"column":35},"end":{"line":48,"column":1}}}},"branchMap":{"0":{"loc":{"start":{"line":17,"column":14},"end":{"line":17,"column":45}},"type":"cond-expr","locations":[{"start":{"line":17,"column":21},"end":{"line":17,"column":33}},{"start":{"line":17,"column":36},"end":{"line":17,"column":45}}]},"1":{"loc":{"start":{"line":26,"column":4},"end":{"line":26,"column":76}},"type":"if","locations":[{"start":{"line":26,"column":4},"end":{"line":26,"column":76}},{"start":{},"end":{}}]},"2":{"loc":{"start":{"line":39,"column":4},"end":{"line":39,"column":79}},"type":"if","locations":[{"start":{"line":39,"column":4},"end":{"line":39,"column":79}},{"start":{},"end":{}}]},"3":{"loc":{"start":{"line":46,"column":4},"end":{"line":46,"column":79}},"type":"if","locations":[{"start":{"line":46,"column":4},"end":{"line":46,"column":79}},{"start":{},"end":{}}]}},"s":{"0":1,"1":1,"2":1,"3":1,"4":1,"5":1,"6":1,"7":1,"8":1,"9":4,"10":4,"11":4,"12":3,"13":1,"14":2,"15":2,"16":1,"17":1,"18":1,"19":1,"20":1,"21":1,"22":2,"23":2,"24":1,"25":1,"26":1,"27":2,"28":2,"29":1,"30":1,"31":1},"f":{"0":1,"1":4,"2":2,"3":1,"4":2,"5":2},"b":{"0":[1,3],"1":[1,1],"2":[1,1],"3":[1,1]}}
,"E:\\1_ZHTDU\\nodejs\\lab1\\src\\schemas\\tank.schema.ts": {"path":"E:\\1_ZHTDU\\nodejs\\lab1\\src\\schemas\\tank.schema.ts","statementMap":{"0":{"start":{"line":1,"column":0},"end":{"line":1,"column":24}},"1":{"start":{"line":4,"column":13},"end":{"line":10,"column":3}},"2":{"start":{"line":13,"column":13},"end":{"line":13,"column":59}}},"fnMap":{},"branchMap":{},"s":{"0":1,"1":1,"2":1},"f":{},"b":{}}
,"E:\\1_ZHTDU\\nodejs\\lab1\\src\\storage\\tank.storage.ts": {"path":"E:\\1_ZHTDU\\nodejs\\lab1\\src\\storage\\tank.storage.ts","statementMap":{"0":{"start":{"line":2,"column":0},"end":{"line":2,"column":36}},"1":{"start":{"line":7,"column":19},"end":{"line":7,"column":48}},"2":{"start":{"line":15,"column":13},"end":{"line":71,"column":2}},"3":{"start":{"line":18,"column":20},"end":{"line":18,"column":53}},"4":{"start":{"line":20,"column":8},"end":{"line":27,"column":9}},"5":{"start":{"line":21,"column":12},"end":{"line":23,"column":13}},"6":{"start":{"line":22,"column":16},"end":{"line":22,"column":71}},"7":{"start":{"line":22,"column":42},"end":{"line":22,"column":69}},"8":{"start":{"line":24,"column":12},"end":{"line":26,"column":13}},"9":{"start":{"line":25,"column":16},"end":{"line":25,"column":75}},"10":{"start":{"line":25,"column":42},"end":{"line":25,"column":73}},"11":{"start":{"line":28,"column":8},"end":{"line":28,"column":21}},"12":{"start":{"line":33,"column":8},"end":{"line":33,"column":36}},"13":{"start":{"line":38,"column":20},"end":{"line":38,"column":30}},"14":{"start":{"line":39,"column":36},"end":{"line":44,"column":10}},"15":{"start":{"line":45,"column":8},"end":{"line":45,"column":46}},"16":{"start":{"line":46,"column":8},"end":{"line":46,"column":23}},"17":{"start":{"line":51,"column":25},"end":{"line":51,"column":45}},"18":{"start":{"line":52,"column":8},"end":{"line":52,"column":35}},"19":{"start":{"line":52,"column":23},"end":{"line":52,"column":35}},"20":{"start":{"line":54,"column":40},"end":{"line":58,"column":10}},"21":{"start":{"line":59,"column":8},"end":{"line":59,"column":42}},"22":{"start":{"line":60,"column":8},"end":{"line":60,"column":27}},"23":{"start":{"line":64,"column":8},"end":{"line":64,"column":39}},"24":{"start":{"line":69,"column":8},"end":{"line":69,"column":29}}},"fnMap":{"0":{"name":"(anonymous_0)","decl":{"start":{"line":17,"column":4},"end":{"line":17,"column":10}},"loc":{"start":{"line":17,"column":32},"end":{"line":29,"column":5}}},"1":{"name":"(anonymous_1)","decl":{"start":{"line":22,"column":37},"end":{"line":22,"column":38}},"loc":{"start":{"line":22,"column":42},"end":{"line":22,"column":69}}},"2":{"name":"(anonymous_2)","decl":{"start":{"line":25,"column":37},"end":{"line":25,"column":38}},"loc":{"start":{"line":25,"column":42},"end":{"line":25,"column":73}}},"3":{"name":"(anonymous_3)","decl":{"start":{"line":32,"column":4},"end":{"line":32,"column":11}},"loc":{"start":{"line":32,"column":22},"end":{"line":34,"column":5}}},"4":{"name":"(anonymous_4)","decl":{"start":{"line":37,"column":4},"end":{"line":37,"column":10}},"loc":{"start":{"line":37,"column":32},"end":{"line":47,"column":5}}},"5":{"name":"(anonymous_5)","decl":{"start":{"line":50,"column":4},"end":{"line":50,"column":10}},"loc":{"start":{"line":50,"column":44},"end":{"line":61,"column":5}}},"6":{"name":"(anonymous_6)","decl":{"start":{"line":63,"column":4},"end":{"line":63,"column":10}},"loc":{"start":{"line":63,"column":21},"end":{"line":65,"column":5}}},"7":{"name":"(anonymous_7)","decl":{"start":{"line":68,"column":4},"end":{"line":68,"column":9}},"loc":{"start":{"line":68,"column":9},"end":{"line":70,"column":5}}}},"branchMap":{"0":{"loc":{"start":{"line":20,"column":8},"end":{"line":27,"column":9}},"type":"if","locations":[{"start":{"line":20,"column":8},"end":{"line":27,"column":9}},{"start":{},"end":{}}]},"1":{"loc":{"start":{"line":21,"column":12},"end":{"line":23,"column":13}},"type":"if","locations":[{"start":{"line":21,"column":12},"end":{"line":23,"column":13}},{"start":{},"end":{}}]},"2":{"loc":{"start":{"line":24,"column":12},"end":{"line":26,"column":13}},"type":"if","locations":[{"start":{"line":24,"column":12},"end":{"line":26,"column":13}},{"start":{},"end":{}}]},"3":{"loc":{"start":{"line":52,"column":8},"end":{"line":52,"column":35}},"type":"if","locations":[{"start":{"line":52,"column":8},"end":{"line":52,"column":35}},{"start":{},"end":{}}]}},"s":{"0":1,"1":1,"2":1,"3":5,"4":5,"5":4,"6":1,"7":1,"8":4,"9":2,"10":2,"11":5,"12":2,"13":7,"14":7,"15":7,"16":7,"17":2,"18":2,"19":1,"20":1,"21":1,"22":1,"23":2,"24":11},"f":{"0":5,"1":1,"2":2,"3":2,"4":7,"5":2,"6":2,"7":11},"b":{"0":[4,1],"1":[1,3],"2":[2,2],"3":[1,1]}}
}
