{"E:\\1_ZHTDU\\nodejs\\lab1\\src\\index.ts": {"path":"E:\\1_ZHTDU\\nodejs\\lab1\\src\\index.ts","statementMap":{"0":{"start":{"line":2,"column":0},"end":{"line":2,"column":16}},"1":{"start":{"line":13,"column":0},"end":{"line":13,"column":7}},"2":{"start":{"line":26,"column":0},"end":{"line":26,"column":7}},"3":{"start":{"line":45,"column":0},"end":{"line":45,"column":7}},"4":{"start":{"line":64,"column":0},"end":{"line":64,"column":7}},"5":{"start":{"line":3,"column":4},"end":{"line":3,"column":59}},"6":{"start":{"line":3,"column":34},"end":{"line":3,"column":57}},"7":{"start":{"line":14,"column":4},"end":{"line":14,"column":40}},"8":{"start":{"line":14,"column":30},"end":{"line":14,"column":40}},"9":{"start":{"line":16,"column":21},"end":{"line":20,"column":6}},"10":{"start":{"line":17,"column":28},"end":{"line":17,"column":64}},"11":{"start":{"line":18,"column":8},"end":{"line":18,"column":33}},"12":{"start":{"line":19,"column":8},"end":{"line":19,"column":74}},"13":{"start":{"line":22,"column":4},"end":{"line":22,"column":33}},"14":{"start":{"line":30,"column":19},"end":{"line":30,"column":20}},"15":{"start":{"line":31,"column":4},"end":{"line":40,"column":5}},"16":{"start":{"line":32,"column":8},"end":{"line":32,"column":19}},"17":{"start":{"line":33,"column":8},"end":{"line":33,"column":45}},"18":{"start":{"line":34,"column":8},"end":{"line":39,"column":9}},"19":{"start":{"line":35,"column":12},"end":{"line":35,"column":37}},"20":{"start":{"line":37,"column":12},"end":{"line":37,"column":53}},"21":{"start":{"line":37,"column":41},"end":{"line":37,"column":53}},"22":{"start":{"line":38,"column":12},"end":{"line":38,"column":29}},"23":{"start":{"line":41,"column":4},"end":{"line":41,"column":43}},"24":{"start":{"line":50,"column":25},"end":{"line":50,"column":27}},"25":{"start":{"line":51,"column":25},"end":{"line":51,"column":60}},"26":{"start":{"line":53,"column":4},"end":{"line":60,"column":5}},"27":{"start":{"line":53,"column":17},"end":{"line":53,"column":18}},"28":{"start":{"line":54,"column":22},"end":{"line":54,"column":51}},"29":{"start":{"line":55,"column":32},"end":{"line":55,"column":61}},"30":{"start":{"line":57,"column":8},"end":{"line":57,"column":76}},"31":{"start":{"line":58,"column":28},"end":{"line":58,"column":50}},"32":{"start":{"line":59,"column":8},"end":{"line":59,"column":37}},"33":{"start":{"line":61,"column":4},"end":{"line":61,"column":19}},"34":{"start":{"line":68,"column":27},"end":{"line":70,"column":6}},"35":{"start":{"line":69,"column":8},"end":{"line":69,"column":68}},"36":{"start":{"line":72,"column":4},"end":{"line":72,"column":65}}},"fnMap":{"0":{"name":"delay","decl":{"start":{"line":2,"column":16},"end":{"line":2,"column":21}},"loc":{"start":{"line":2,"column":32},"end":{"line":4,"column":1}}},"1":{"name":"(anonymous_1)","decl":{"start":{"line":3,"column":23},"end":{"line":3,"column":30}},"loc":{"start":{"line":3,"column":34},"end":{"line":3,"column":57}}},"2":{"name":"fetchUserProfiles","decl":{"start":{"line":13,"column":22},"end":{"line":13,"column":39}},"loc":{"start":{"line":13,"column":57},"end":{"line":23,"column":1}}},"3":{"name":"(anonymous_3)","decl":{"start":{"line":16,"column":33},"end":{"line":16,"column":38}},"loc":{"start":{"line":16,"column":46},"end":{"line":20,"column":5}}},"4":{"name":"retryOperation","decl":{"start":{"line":26,"column":22},"end":{"line":26,"column":36}},"loc":{"start":{"line":28,"column":26},"end":{"line":42,"column":1}}},"5":{"name":"processInBatches","decl":{"start":{"line":45,"column":22},"end":{"line":45,"column":38}},"loc":{"start":{"line":48,"column":43},"end":{"line":62,"column":1}}},"6":{"name":"raceWithTimeout","decl":{"start":{"line":64,"column":22},"end":{"line":64,"column":37}},"loc":{"start":{"line":66,"column":21},"end":{"line":73,"column":1}}},"7":{"name":"(anonymous_7)","decl":{"start":{"line":68,"column":49},"end":{"line":68,"column":52}},"loc":{"start":{"line":68,"column":54},"end":{"line":70,"column":5}}}},"branchMap":{"0":{"loc":{"start":{"line":14,"column":4},"end":{"line":14,"column":40}},"type":"if","locations":[{"start":{"line":14,"column":4},"end":{"line":14,"column":40}},{"start":{},"end":{}}]},"1":{"loc":{"start":{"line":28,"column":4},"end":{"line":28,"column":26}},"type":"default-arg","locations":[{"start":{"line":28,"column":25},"end":{"line":28,"column":26}}]},"2":{"loc":{"start":{"line":37,"column":12},"end":{"line":37,"column":53}},"type":"if","locations":[{"start":{"line":37,"column":12},"end":{"line":37,"column":53}},{"start":{},"end":{}}]}},"s":{"0":1,"1":1,"2":1,"3":1,"4":1,"5":10,"6":10,"7":3,"8":1,"9":2,"10":3,"11":3,"12":3,"13":2,"14":4,"15":4,"16":6,"17":6,"18":6,"19":6,"20":4,"21":1,"22":3,"23":1,"24":3,"25":3,"26":3,"27":3,"28":5,"29":5,"30":5,"31":5,"32":5,"33":3,"34":2,"35":1,"36":2},"f":{"0":10,"1":10,"2":3,"3":3,"4":4,"5":3,"6":2,"7":1},"b":{"0":[1,2],"1":[2],"2":[1,3]}}
}
