TN:
SF:src\index.ts
FN:2,delay
FN:3,(anonymous_1)
FN:13,fetchUserProfiles
FN:16,(anonymous_3)
FN:26,retryOperation
FN:45,processInBatches
FN:64,raceWithTimeout
FN:68,(anonymous_7)
FNF:8
FNH:8
FNDA:10,delay
FNDA:10,(anonymous_1)
FNDA:3,fetchUserProfiles
FNDA:3,(anonymous_3)
FNDA:4,retryOperation
FNDA:3,processInBatches
FNDA:2,raceWithTimeout
FNDA:1,(anonymous_7)
DA:2,1
DA:3,10
DA:13,1
DA:14,3
DA:16,2
DA:17,3
DA:18,3
DA:19,3
DA:22,2
DA:26,1
DA:30,4
DA:31,4
DA:32,6
DA:33,6
DA:34,6
DA:35,6
DA:37,4
DA:38,3
DA:41,1
DA:45,1
DA:50,3
DA:51,3
DA:53,3
DA:54,5
DA:55,5
DA:57,5
DA:58,5
DA:59,5
DA:61,3
DA:64,1
DA:68,2
DA:69,1
DA:72,2
LF:33
LH:33
BRDA:14,0,0,1
BRDA:14,0,1,2
BRDA:28,1,0,2
BRDA:37,2,0,1
BRDA:37,2,1,3
BRF:5
BRH:5
end_of_record
