TN:
SF:src\app.ts
FN:14,(anonymous_1)
FNF:1
FNH:1
FNDA:2,(anonymous_1)
DA:1,1
DA:2,1
DA:3,1
DA:5,1
DA:7,1
DA:8,1
DA:11,1
DA:14,1
DA:15,2
DA:16,2
DA:19,1
LF:11
LH:11
BRF:0
BRH:0
end_of_record
TN:
SF:src\index.ts
FN:2,delay
FN:3,(anonymous_1)
FN:13,fetchUserProfiles
FN:16,(anonymous_3)
FN:26,retryOperation
FN:45,processInBatches
FN:64,raceWithTimeout
FN:68,(anonymous_7)
FNF:8
FNH:8
FNDA:10,delay
FNDA:10,(anonymous_1)
FNDA:3,fetchUserProfiles
FNDA:3,(anonymous_3)
FNDA:4,retryOperation
FNDA:3,processInBatches
FNDA:2,raceWithTimeout
FNDA:1,(anonymous_7)
DA:2,1
DA:3,10
DA:13,1
DA:14,3
DA:16,2
DA:17,3
DA:18,3
DA:19,3
DA:22,2
DA:26,1
DA:30,4
DA:31,4
DA:32,6
DA:33,6
DA:34,6
DA:35,6
DA:37,4
DA:38,3
DA:41,1
DA:45,1
DA:50,3
DA:51,3
DA:53,3
DA:54,5
DA:55,5
DA:57,5
DA:58,5
DA:59,5
DA:61,3
DA:64,1
DA:68,2
DA:69,1
DA:72,2
LF:33
LH:33
BRDA:14,0,0,1
BRDA:14,0,1,2
BRDA:28,1,0,2
BRDA:37,2,0,1
BRDA:37,2,1,3
BRF:5
BRH:5
end_of_record
TN:
SF:src\middleware\validate.ts
FN:4,(anonymous_0)
FN:5,(anonymous_1)
FN:15,(anonymous_2)
FNF:3
FNH:3
FNDA:2,(anonymous_0)
FNDA:5,(anonymous_1)
FNDA:3,(anonymous_2)
DA:2,1
DA:4,1
DA:5,2
DA:6,5
DA:8,5
DA:9,3
DA:11,2
DA:13,1
DA:15,3
DA:21,1
LF:10
LH:10
BRDA:11,0,0,1
BRDA:11,0,1,1
BRF:2
BRH:2
end_of_record
TN:
SF:src\routes\tank.routes.ts
FN:8,(anonymous_0)
FN:13,(anonymous_1)
FN:24,(anonymous_2)
FN:31,(anonymous_3)
FN:37,(anonymous_4)
FN:44,(anonymous_5)
FNF:6
FNH:6
FNDA:1,(anonymous_0)
FNDA:4,(anonymous_1)
FNDA:2,(anonymous_2)
FNDA:1,(anonymous_3)
FNDA:2,(anonymous_4)
FNDA:2,(anonymous_5)
DA:1,1
DA:2,1
DA:3,1
DA:4,1
DA:6,1
DA:8,1
DA:9,1
DA:10,1
DA:13,1
DA:14,4
DA:15,4
DA:19,4
DA:20,3
DA:24,1
DA:25,2
DA:26,2
DA:27,1
DA:31,1
DA:32,1
DA:33,1
DA:37,1
DA:38,2
DA:39,2
DA:40,1
DA:44,1
DA:45,2
DA:46,2
DA:47,1
DA:50,1
LF:29
LH:29
BRDA:17,0,0,1
BRDA:17,0,1,3
BRDA:26,1,0,1
BRDA:26,1,1,1
BRDA:39,2,0,1
BRDA:39,2,1,1
BRDA:46,3,0,1
BRDA:46,3,1,1
BRF:8
BRH:8
end_of_record
TN:
SF:src\schemas\tank.schema.ts
FNF:0
FNH:0
DA:1,1
DA:4,1
DA:13,1
LF:3
LH:3
BRF:0
BRH:0
end_of_record
TN:
SF:src\storage\tank.storage.ts
FN:17,(anonymous_0)
FN:22,(anonymous_1)
FN:25,(anonymous_2)
FN:32,(anonymous_3)
FN:37,(anonymous_4)
FN:50,(anonymous_5)
FN:63,(anonymous_6)
FN:68,(anonymous_7)
FNF:8
FNH:8
FNDA:5,(anonymous_0)
FNDA:1,(anonymous_1)
FNDA:2,(anonymous_2)
FNDA:2,(anonymous_3)
FNDA:7,(anonymous_4)
FNDA:2,(anonymous_5)
FNDA:2,(anonymous_6)
FNDA:11,(anonymous_7)
DA:2,1
DA:7,1
DA:15,1
DA:18,5
DA:20,5
DA:21,4
DA:22,1
DA:24,4
DA:25,2
DA:28,5
DA:33,2
DA:38,7
DA:39,7
DA:45,7
DA:46,7
DA:51,2
DA:52,2
DA:54,1
DA:59,1
DA:60,1
DA:64,2
DA:69,11
LF:22
LH:22
BRDA:20,0,0,4
BRDA:20,0,1,1
BRDA:21,1,0,1
BRDA:21,1,1,3
BRDA:24,2,0,2
BRDA:24,2,1,2
BRDA:52,3,0,1
BRDA:52,3,1,1
BRF:8
BRH:8
end_of_record
